<?xml version="1.0" encoding="utf-8"?>
<TestRun id="a08902e3-4e06-4f1e-93b5-fafa0ca3cf9e" name="myadmin@VM1122 2022-12-05 07:27:30" runUser="VM1122\myadmin" xmlns="http://microsoft.com/schemas/VisualStudio/TeamTest/2010">
  <Times creation="2022-12-05T07:27:30.8314575+00:00" queuing="2022-12-05T07:27:30.8314576+00:00" start="2022-12-05T07:27:28.8273530+00:00" finish="2022-12-05T07:27:30.8434389+00:00" />
  <TestSettings name="default" id="40527a45-7d23-4328-9137-9ac6a1ac00b1">
    <Deployment runDeploymentRoot="myadmin_VM1122_2022-12-05_07_27_30" />
  </TestSettings>
  <Results>
    <UnitTestResult executionId="8d879cfd-20b8-4ddc-a285-a1e7e7d570e6" testId="ac95cb08-7ad1-4d5b-90ec-132670c18038" testName="TestMethod1" computerName="VM1122" duration="00:00:00.0092458" startTime="2022-12-05T07:27:30.5511039+00:00" endTime="2022-12-05T07:27:30.5980142+00:00" testType="13cdc9d9-ddb5-4fa4-a97d-d965ccfc6d4b" outcome="Passed" testListId="8c84fa94-04c1-424b-9868-57a2d4851a1d" relativeResultsDirectory="8d879cfd-20b8-4ddc-a285-a1e7e7d570e6" />
  </Results>
  <TestDefinitions>
    <UnitTest name="TestMethod1" storage="c:\code\getting-started-with-jenkins-master\jenkinsintegration\jenkinsintegration.tests\bin\debug\netcoreapp2.1\jenkinsintegration.tests.dll" id="ac95cb08-7ad1-4d5b-90ec-132670c18038">
      <Execution id="8d879cfd-20b8-4ddc-a285-a1e7e7d570e6" />
      <TestMethod codeBase="C:\code\Getting-Started-With-Jenkins-master\JenkinsIntegration\JenkinsIntegration.Tests\bin\Debug\netcoreapp2.1\JenkinsIntegration.Tests.dll" adapterTypeName="executor://mstestadapter/v2" className="JenkinsIntegration.Tests.JenkinsTests" name="TestMethod1" />
    </UnitTest>
  </TestDefinitions>
  <TestEntries>
    <TestEntry testId="ac95cb08-7ad1-4d5b-90ec-132670c18038" executionId="8d879cfd-20b8-4ddc-a285-a1e7e7d570e6" testListId="8c84fa94-04c1-424b-9868-57a2d4851a1d" />
  </TestEntries>
  <TestLists>
    <TestList name="Results Not in a List" id="8c84fa94-04c1-424b-9868-57a2d4851a1d" />
    <TestList name="All Loaded Results" id="19431567-8539-422a-85d7-44ee4e166bda" />
  </TestLists>
  <ResultSummary outcome="Completed">
    <Counters total="1" executed="1" passed="1" failed="0" error="0" timeout="0" aborted="0" inconclusive="0" passedButRunAborted="0" notRunnable="0" notExecuted="0" disconnected="0" warning="0" completed="0" inProgress="0" pending="0" />
  </ResultSummary>
</TestRun>